-------------------------------------------------------------------------------
Test set: co.edu.usbcali.aerolinea.services.AvionServiceImplTests
-------------------------------------------------------------------------------
Tests run: 2, Failures: 0, Errors: 2, Skipped: 0, Time elapsed: 2.2 s <<< FAILURE! - in co.edu.usbcali.aerolinea.services.AvionServiceImplTests
testObtenerAvion  Time elapsed: 1.108 s  <<< ERROR!
org.springframework.transaction.CannotCreateTransactionException: Could not open JPA EntityManager for transaction
	at co.edu.usbcali.aerolinea.services.AvionServiceImplTests.testObtenerAvion(AvionServiceImplTests.java:30)
Caused by: org.hibernate.exception.GenericJDBCException: Unable to acquire JDBC Connection
	at co.edu.usbcali.aerolinea.services.AvionServiceImplTests.testObtenerAvion(AvionServiceImplTests.java:30)
Caused by: org.postgresql.util.PSQLException: FATAL: la autentificaci�n password fall� para el usuario �tecnicasbrand�
	at co.edu.usbcali.aerolinea.services.AvionServiceImplTests.testObtenerAvion(AvionServiceImplTests.java:30)

testObtenerAviones  Time elapsed: 1.081 s  <<< ERROR!
org.springframework.transaction.CannotCreateTransactionException: Could not open JPA EntityManager for transaction
	at co.edu.usbcali.aerolinea.services.AvionServiceImplTests.testObtenerAviones(AvionServiceImplTests.java:21)
Caused by: org.hibernate.exception.GenericJDBCException: Unable to acquire JDBC Connection
	at co.edu.usbcali.aerolinea.services.AvionServiceImplTests.testObtenerAviones(AvionServiceImplTests.java:21)
Caused by: org.postgresql.util.PSQLException: FATAL: la autentificaci�n password fall� para el usuario �tecnicasbrand�
	at co.edu.usbcali.aerolinea.services.AvionServiceImplTests.testObtenerAviones(AvionServiceImplTests.java:21)

